<?xml version="1.0" encoding="UTF-8"?>
<!-- Generated by org.testng.reporters.JUnitXMLReporter -->
<testsuite ignored="0" hostname="LAPTOP-HOGD6GNA" failures="1" tests="2" name="Test" time="37.373" errors="0" timestamp="2024-07-20T19:06:57 CDT">
  <testcase classname="Tryagain.target.targetpurchasetest" name="loginsuccessfull" time="13.907"/>
  <testcase classname="Tryagain.target.targetpurchasetest" name="verifypurchaseflow" time="15.974">
    <failure type="org.openqa.selenium.ElementClickInterceptedException" message="element click intercepted: Element &amp;lt;button type=&amp;quot;button&amp;quot; aria-expanded=&amp;quot;false&amp;quot; aria-hidden=&amp;quot;false&amp;quot; id=&amp;quot;select-custom-button-id&amp;quot; data-test=&amp;quot;select&amp;quot; class=&amp;quot;sc-9306beff-0 sc-724c6a6-0 jSlehU fiLxTC sc-9306beff-0 sc-724c6a6-1 jSlehU ckPLbq&amp;quot;&amp;gt;...&amp;lt;/button&amp;gt; is not clickable at point (759, 656). Other element would receive the click: &amp;lt;div class=&amp;quot;sc-5da3fdcc-0 cqdDWw&amp;quot;&amp;gt;...&amp;lt;/div&amp;gt;
  (Session info: chrome=126.0.6478.127)
Build info: version: &amp;apos;4.22.0&amp;apos;, revision: &amp;apos;c5f3146703*&amp;apos;
System info: os.name: &amp;apos;Windows 11&amp;apos;, os.arch: &amp;apos;amd64&amp;apos;, os.version: &amp;apos;10.0&amp;apos;, java.version: &amp;apos;21.0.1&amp;apos;
Driver info: org.openqa.selenium.chrome.ChromeDriver
Command: [3e7eb60ea39e7651a7c45ba5dfba80a3, clickElement {id=f.D4F6AAA7CE8C153858135666A74EDDA6.d.543AE32F1BDF10097DA8C822A34327E4.e.167}]
Capabilities {acceptInsecureCerts: false, browserName: chrome, browserVersion: 126.0.6478.127, chrome: {chromedriverVersion: 126.0.6478.182 (5b5d8292ddf..., userDataDir: C:\Users\theer\AppData\Loca...}, fedcm:accounts: true, goog:chromeOptions: {debuggerAddress: localhost:59409}, networkConnectionEnabled: false, pageLoadStrategy: normal, platformName: windows, proxy: Proxy(), se:cdp: ws://localhost:59409/devtoo..., se:cdpVersion: 126.0.6478.127, setWindowRect: true, strictFileInteractability: false, timeouts: {implicit: 0, pageLoad: 300000, script: 30000}, unhandledPromptBehavior: dismiss and notify, webauthn:extension:credBlob: true, webauthn:extension:largeBlob: true, webauthn:extension:minPinLength: true, webauthn:extension:prf: true, webauthn:virtualAuthenticators: true}
Element: [[ChromeDriver: chrome on windows (3e7eb60ea39e7651a7c45ba5dfba80a3)] -&amp;gt; xpath: //div[@class=&amp;apos;sc-5da3fdcc-0 iNQaAr&amp;apos;]/div/div/div[2]/div/button]
Session ID: 3e7eb60ea39e7651a7c45ba5dfba80a3">
      <![CDATA[org.openqa.selenium.ElementClickInterceptedException: element click intercepted: Element <button type="button" aria-expanded="false" aria-hidden="false" id="select-custom-button-id" data-test="select" class="sc-9306beff-0 sc-724c6a6-0 jSlehU fiLxTC sc-9306beff-0 sc-724c6a6-1 jSlehU ckPLbq">...</button> is not clickable at point (759, 656). Other element would receive the click: <div class="sc-5da3fdcc-0 cqdDWw">...</div>
  (Session info: chrome=126.0.6478.127)
Build info: version: '4.22.0', revision: 'c5f3146703*'
System info: os.name: 'Windows 11', os.arch: 'amd64', os.version: '10.0', java.version: '21.0.1'
Driver info: org.openqa.selenium.chrome.ChromeDriver
Command: [3e7eb60ea39e7651a7c45ba5dfba80a3, clickElement {id=f.D4F6AAA7CE8C153858135666A74EDDA6.d.543AE32F1BDF10097DA8C822A34327E4.e.167}]
Capabilities {acceptInsecureCerts: false, browserName: chrome, browserVersion: 126.0.6478.127, chrome: {chromedriverVersion: 126.0.6478.182 (5b5d8292ddf..., userDataDir: C:\Users\theer\AppData\Loca...}, fedcm:accounts: true, goog:chromeOptions: {debuggerAddress: localhost:59409}, networkConnectionEnabled: false, pageLoadStrategy: normal, platformName: windows, proxy: Proxy(), se:cdp: ws://localhost:59409/devtoo..., se:cdpVersion: 126.0.6478.127, setWindowRect: true, strictFileInteractability: false, timeouts: {implicit: 0, pageLoad: 300000, script: 30000}, unhandledPromptBehavior: dismiss and notify, webauthn:extension:credBlob: true, webauthn:extension:largeBlob: true, webauthn:extension:minPinLength: true, webauthn:extension:prf: true, webauthn:virtualAuthenticators: true}
Element: [[ChromeDriver: chrome on windows (3e7eb60ea39e7651a7c45ba5dfba80a3)] -> xpath: //div[@class='sc-5da3fdcc-0 iNQaAr']/div/div/div[2]/div/button]
Session ID: 3e7eb60ea39e7651a7c45ba5dfba80a3
at org.openqa.selenium.remote.ErrorCodec.decode(ErrorCodec.java:167)
at org.openqa.selenium.remote.codec.w3c.W3CHttpResponseCodec.decode(W3CHttpResponseCodec.java:138)
at org.openqa.selenium.remote.codec.w3c.W3CHttpResponseCodec.decode(W3CHttpResponseCodec.java:50)
at org.openqa.selenium.remote.HttpCommandExecutor.execute(HttpCommandExecutor.java:190)
at org.openqa.selenium.remote.service.DriverCommandExecutor.invokeExecute(DriverCommandExecutor.java:216)
at org.openqa.selenium.remote.service.DriverCommandExecutor.execute(DriverCommandExecutor.java:174)
at org.openqa.selenium.remote.RemoteWebDriver.execute(RemoteWebDriver.java:518)
at org.openqa.selenium.remote.RemoteWebElement.execute(RemoteWebElement.java:223)
at org.openqa.selenium.remote.RemoteWebElement.click(RemoteWebElement.java:76)
at Tryagain.target.SearchResultspageTest.searchResultpage(SearchResultspageTest.java:30)
at Tryagain.target.targetpurchasetest.verifypurchaseflow(targetpurchasetest.java:26)
at java.base/java.util.ArrayList.forEach(ArrayList.java:1596)
... Removed 28 stack frames]]>
    </failure>
  </testcase> <!-- verifypurchaseflow -->
</testsuite> <!-- Test -->
